14:49:09.631 > [VESC=>ESP (5)] 00 00 06 05 43 59 43 4C 
14:49:09.632 > [VESC=>ESP (5)] 07 45 49 51 5F 4D 49 4E 
14:49:09.632 > [VESC=>ESP (5)] 0E 49 00 31 00 18 00 07 
14:49:09.633 > [VESC=>ESP (5)] 15 47 33 31 35 35 35 35 
14:49:09.633 > [VESC=>ESP (5)] 1C 00 00 00 00 00 00 00 
14:49:09.634 > [VESC=>ESP (5)] 23 00 00 00 00 00 00 
14:49:09.635 > [VESC=>ESP (7)] 45 01 00 29 51 88 
14:49:25.703 > [VESC=>ESP (5)] 00 15 2D 3E 20 68 65 6C 
14:49:25.705 > [VESC=>ESP (5)] 07 70 20 0A 
14:49:25.705 > [VESC=>ESP (7)] 45 01 00 0A 18 87 
14:49:25.705 > [VESC=>ESP (5)] 00 15 56 61 6C 69 64 20 
14:49:25.705 > [VESC=>ESP (5)] 07 63 6F 6D 6D 61 6E 64 
14:49:25.705 > [VESC=>ESP (5)] 0E 73 20 61 72 65 3A 
14:49:25.706 > [VESC=>ESP (7)] 45 01 00 14 34 79 
14:49:25.706 > [VESC=>ESP (8)] 45 01 15 68 65 6C 70 
14:49:25.706 > [VESC=>ESP (5)] 00 15 20 20 53 68 6F 77 
14:49:25.707 > [VESC=>ESP (5)] 07 20 74 68 69 73 20 68 
14:49:25.708 > [VESC=>ESP (5)] 0E 65 6C 70 
14:49:25.708 > [VESC=>ESP (7)] 45 01 00 11 A2 51 
14:49:25.708 > [VESC=>ESP (5)] 00 15 6C 61 73 74 5F 61 
14:49:25.709 > [VESC=>ESP (5)] 07 64 63 5F 64 75 72 61 
14:49:25.712 > [VESC=>ESP (5)] 0E 74 69 6F 6E 
14:49:25.712 > [VESC=>ESP (7)] 45 01 00 12 72 DF 
14:49:25.712 > [VESC=>ESP (5)] 00 15 20 20 54 68 65 20 
14:49:25.713 > [VESC=>ESP (5)] 07 74 69 6D 65 20 74 68 
14:49:25.713 > [VESC=>ESP (5)] 0E 65 20 6C 61 74 65 73 
14:49:25.714 > [VESC=>ESP (5)] 15 74 20 41 44 43 20 69 
14:49:25.714 > [VESC=>ESP (5)] 1C 6E 74 65 72 72 75 70 
14:49:25.714 > [VESC=>ESP (5)] 23 74 20 63 6F 6E 73 75 
14:49:25.715 > [VESC=>ESP (5)] 2A 6D 65 64 
14:49:25.715 > [VESC=>ESP (7)] 45 01 00 2D 7D D4 
14:49:25.716 > [VESC=>ESP (8)] 45 01 15 6B 76 
14:49:25.716 > [VESC=>ESP (5)] 00 15 20 20 54 68 65 20 
14:49:25.716 > [VESC=>ESP (5)] 07 63 61 6C 63 75 6C 61 
14:49:25.717 > [VESC=>ESP (5)] 0E 74 65 64 20 6B 76 20 
14:49:25.717 > [VESC=>ESP (5)] 15 6F 66 20 74 68 65 20 
14:49:25.718 > [VESC=>ESP (5)] 1C 6D 6F 74 6F 72 20 28 
14:49:25.718 > [VESC=>ESP (5)] 23 42 4C 44 43 29 
14:49:25.719 > [VESC=>ESP (7)] 45 01 00 28 9A BE 
14:49:25.719 > [VESC=>ESP (8)] 45 01 15 6D 65 6D 
14:49:25.720 > [VESC=>ESP (5)] 00 15 20 20 53 68 6F 77 
14:49:25.720 > [VESC=>ESP (5)] 07 20 6D 65 6D 6F 72 79 
14:49:25.721 > [VESC=>ESP (5)] 0E 20 75 73 61 67 65 
14:49:25.722 > [VESC=>ESP (7)] 45 01 00 14 76 72 
14:49:25.724 > [VESC=>ESP (5)] 00 15 74 68 72 65 61 64 
14:49:25.724 > [VESC=>ESP (5)] 07 73 
14:49:25.724 > [VESC=>ESP (7)] 45 01 00 08 FB 24 
14:49:25.725 > [VESC=>ESP (5)] 00 15 20 20 4C 69 73 74 
14:49:25.725 > [VESC=>ESP (5)] 07 20 61 6C 6C 20 74 68 
14:49:25.725 > [VESC=>ESP (5)] 0E 72 65 61 64 73 
14:49:25.726 > [VESC=>ESP (7)] 45 01 00 13 99 82 
14:49:25.726 > [VESC=>ESP (8)] 45 01 15 66 61 75 6C 74 
14:49:25.727 > [VESC=>ESP (5)] 00 15 20 20 50 72 69 6E 
14:49:25.727 > [VESC=>ESP (5)] 07 74 73 20 74 68 65 20 
14:49:25.728 > [VESC=>ESP (5)] 0E 63 75 72 72 65 6E 74 
14:49:25.728 > [VESC=>ESP (5)] 15 20 66 61 75 6C 74 20 
14:49:25.729 > [VESC=>ESP (5)] 1C 63 6F 64 65 
14:49:25.729 > [VESC=>ESP (7)] 45 01 00 20 CD B1 
14:49:25.729 > [VESC=>ESP (5)] 00 15 66 61 75 6C 74 73 
14:49:25.730 > [VESC=>ESP (7)] 45 01 00 07 B5 FB 
14:49:25.730 > [VESC=>ESP (5)] 00 15 20 20 50 72 69 6E 
14:49:25.731 > [VESC=>ESP (5)] 07 74 73 20 61 6C 6C 20 
14:49:25.731 > [VESC=>ESP (5)] 0E 73 74 6F 72 65 64 20 
14:49:25.732 > [VESC=>ESP (5)] 15 66 61 75 6C 74 20 63 
14:49:25.733 > [VESC=>ESP (5)] 1C 6F 64 65 73 20 61 6E 
14:49:25.734 > [VESC=>ESP (5)] 23 64 20 63 6F 6E 64 69 
14:49:25.735 > [VESC=>ESP (5)] 2A 74 69 6F 6E 73 20 77 
14:49:25.736 > [VESC=>ESP (5)] 31 68 65 6E 20 74 68 65 
14:49:25.737 > [VESC=>ESP (5)] 38 79 20 61 72 72 69 76 
14:49:25.737 > [VESC=>ESP (5)] 3F 65 64 
14:49:25.737 > [VESC=>ESP (7)] 45 01 00 41 1D 01 
14:49:25.737 > [VESC=>ESP (8)] 45 01 15 74 69 6D 
14:49:25.737 > [VESC=>ESP (5)] 00 15 20 20 50 72 69 6E 
14:49:25.738 > [VESC=>ESP (5)] 07 74 73 20 74 69 6D 31 
14:49:25.738 > [VESC=>ESP (5)] 0E 20 61 6E 64 20 74 69 
14:49:25.739 > [VESC=>ESP (5)] 15 6D 38 20 73 65 74 74 
14:49:25.739 > [VESC=>ESP (5)] 1C 69 6E 67 73 
14:49:25.739 > [VESC=>ESP (7)] 45 01 00 20 94 B5 
14:49:25.740 > [VESC=>ESP (8)] 45 01 15 76 6F 6C 74 
14:49:25.740 > [VESC=>ESP (5)] 00 15 20 20 50 72 69 6E 
14:49:25.741 > [VESC=>ESP (5)] 07 74 73 20 64 69 66 66 
14:49:25.741 > [VESC=>ESP (5)] 0E 65 72 65 6E 74 20 76 
14:49:25.742 > [VESC=>ESP (5)] 15 6F 6C 74 61 67 65 73 
14:49:25.742 > [VESC=>ESP (7)] 45 01 00 1C DC EE 
14:49:25.743 > [VESC=>ESP (5)] 00 15 70 61 72 61 6D 5F 
14:49:25.744 > [VESC=>ESP (5)] 07 64 65 74 65 63 74 20 
14:49:25.745 > [VESC=>ESP (5)] 0E 5B 63 75 72 72 65 6E 
14:49:25.745 > [VESC=>ESP (5)] 15 74 5D 20 5B 6D 69 6E 
14:49:25.746 > [VESC=>ESP (5)] 1C 5F 72 70 6D 5D 20 5B 
14:49:25.746 > [VESC=>ESP (5)] 23 6C 6F 77 5F 64 75 74 
14:49:25.746 > [VESC=>ESP (5)] 2A 79 5D 
14:49:25.747 > [VESC=>ESP (7)] 45 01 00 2C 22 F0 
14:49:25.747 > [VESC=>ESP (5)] 00 15 20 20 53 70 69 6E 
14:49:25.748 > [VESC=>ESP (5)] 07 20 75 70 20 74 68 65 
14:49:25.748 > [VESC=>ESP (5)] 0E 20 6D 6F 74 6F 72 20 
14:49:25.749 > [VESC=>ESP (5)] 15 69 6E 20 43 4F 4D 4D 
14:49:25.749 > [VESC=>ESP (5)] 1C 5F 4D 4F 44 45 5F 44 
14:49:25.750 > [VESC=>ESP (5)] 23 45 4C 41 59 20 61 6E 
14:49:25.750 > [VESC=>ESP (5)] 2A 64 20 63 6F 6D 70 75 
14:49:25.751 > [VESC=>ESP (5)] 31 74 65 20 69 74 73 20 
14:49:25.752 > [VESC=>ESP (5)] 38 70 61 72 61 6D 65 74 
14:49:25.752 > [VESC=>ESP (5)] 3F 65 72 73 2E 
14:49:25.753 > [VESC=>ESP (7)] 45 01 00 43 BB 4A 
14:49:25.754 > [VESC=>ESP (5)] 00 15 20 20 54 68 69 73 
14:49:25.755 > [VESC=>ESP (5)] 07 20 74 65 73 74 20 73 
14:49:25.755 > [VESC=>ESP (5)] 0E 68 6F 75 6C 64 20 62 
14:49:25.755 > [VESC=>ESP (5)] 15 65 20 70 65 72 66 6F 
14:49:25.755 > [VESC=>ESP (5)] 1C 72 6D 65 64 20 77 69 
14:49:25.756 > [VESC=>ESP (5)] 23 74 68 6F 75 74 20 6C 
14:49:25.757 > [VESC=>ESP (5)] 2A 6F 61 64 20 6F 6E 20 
14:49:25.757 > [VESC=>ESP (5)] 31 74 68 65 20 6D 6F 74 
14:49:25.758 > [VESC=>ESP (5)] 38 6F 72 2E 
14:49:25.758 > [VESC=>ESP (7)] 45 01 00 3B 60 20 
14:49:25.758 > [VESC=>ESP (5)] 00 15 20 20 45 78 61 6D 
14:49:25.759 > [VESC=>ESP (5)] 07 70 6C 65 3A 20 70 61 
14:49:25.760 > [VESC=>ESP (5)] 0E 72 61 6D 5F 64 65 74 
14:49:25.760 > [VESC=>ESP (5)] 15 65 63 74 20 35 2E 30 
14:49:25.761 > [VESC=>ESP (5)] 1C 20 36 30 30 20 30 2E 
14:49:25.761 > [VESC=>ESP (5)] 23 30 36 
14:49:25.764 > [VESC=>ESP (7)] 45 01 00 25 9C 81 
14:49:25.764 > [VESC=>ESP (5)] 00 15 72 70 6D 5F 64 65 
14:49:25.764 > [VESC=>ESP (5)] 07 70 
14:49:25.764 > [VESC=>ESP (7)] 45 01 00 08 80 84 
14:49:25.764 > [VESC=>ESP (5)] 00 15 20 20 50 72 69 6E 
14:49:25.765 > [VESC=>ESP (5)] 07 74 73 20 73 6F 6D 65 
14:49:25.765 > [VESC=>ESP (5)] 0E 20 72 70 6D 2D 64 65 
14:49:25.766 > [VESC=>ESP (5)] 15 70 20 76 61 6C 75 65 
14:49:25.766 > [VESC=>ESP (5)] 1C 73 
14:49:25.766 > [VESC=>ESP (7)] 45 01 00 1D 6C D8 
14:49:25.767 > [VESC=>ESP (5)] 00 15 66 6F 63 5F 65 6E 
14:49:25.767 > [VESC=>ESP (5)] 07 63 6F 64 65 72 5F 64 
14:49:25.768 > [VESC=>ESP (5)] 0E 65 74 65 63 74 20 5B 
14:49:25.768 > [VESC=>ESP (5)] 15 63 75 72 72 65 6E 74 
14:49:25.769 > [VESC=>ESP (5)] 1C 5D 
14:49:25.769 > [VESC=>ESP (7)] 45 01 00 1D 48 C4 
14:49:25.769 > [VESC=>ESP (5)] 00 15 20 20 52 75 6E 20 
14:49:25.770 > [VESC=>ESP (5)] 07 74 68 65 20 6D 6F 74 
14:49:25.770 > [VESC=>ESP (5)] 0E 6F 72 20 61 74 20 31 
14:49:25.771 > [VESC=>ESP (5)] 15 48 7A 20 6F 6E 20 6F 
14:49:25.771 > [VESC=>ESP (5)] 1C 70 65 6E 20 6C 6F 6F 
14:49:25.772 > [VESC=>ESP (5)] 23 70 20 61 6E 64 20 63 
14:49:25.774 > [VESC=>ESP (5)] 2A 6F 6D 70 75 74 65 20 
14:49:25.774 > [VESC=>ESP (5)] 31 65 6E 63 6F 64 65 72 
14:49:25.775 > [VESC=>ESP (5)] 38 20 73 65 74 74 69 6E 
14:49:25.775 > [VESC=>ESP (5)] 3F 67 73 
14:49:25.776 > [VESC=>ESP (7)] 45 01 00 41 91 8A 
14:49:25.776 > [VESC=>ESP (5)] 00 15 6D 65 61 73 75 72 
14:49:25.776 > [VESC=>ESP (5)] 07 65 5F 72 65 73 20 5B 
14:49:25.777 > [VESC=>ESP (5)] 0E 63 75 72 72 65 6E 74 
14:49:25.777 > [VESC=>ESP (5)] 15 5D 
14:49:25.778 > [VESC=>ESP (7)] 45 01 00 16 E2 5D 
14:49:25.778 > [VESC=>ESP (5)] 00 15 20 20 4C 6F 63 6B 
14:49:25.779 > [VESC=>ESP (5)] 07 20 74 68 65 20 6D 6F 
14:49:25.779 > [VESC=>ESP (5)] 0E 74 6F 72 20 77 69 74 
14:49:25.780 > [VESC=>ESP (5)] 15 68 20 61 20 63 75 72 
14:49:25.780 > [VESC=>ESP (5)] 1C 72 65 6E 74 20 61 6E 
14:49:25.781 > [VESC=>ESP (5)] 23 64 20 63 61 6C 63 75 
14:49:25.781 > [VESC=>ESP (5)] 2A 6C 61 74 65 20 69 74 
14:49:25.782 > [VESC=>ESP (5)] 31 73 20 72 65 73 69 73 
14:49:25.783 > [VESC=>ESP (5)] 38 74 61 6E 63 65 
14:49:25.783 > [VESC=>ESP (7)] 45 01 00 3D AD 4E 
14:49:25.784 > [VESC=>ESP (5)] 00 15 6D 65 61 73 75 72 
14:49:25.784 > [VESC=>ESP (5)] 07 65 5F 69 6E 64 20 5B 
14:49:25.785 > [VESC=>ESP (5)] 0E 64 75 74 79 5D 
14:49:25.786 > [VESC=>ESP (7)] 45 01 00 13 E5 D4 
14:49:25.786 > [VESC=>ESP (5)] 00 15 20 20 53 65 6E 64 
14:49:25.786 > [VESC=>ESP (5)] 07 20 73 68 6F 72 74 20 
14:49:25.787 > [VESC=>ESP (5)] 0E 76 6F 6C 74 61 67 65 
14:49:25.788 > [VESC=>ESP (5)] 15 20 70 75 6C 73 65 73 
14:49:25.789 > [VESC=>ESP (5)] 1C 2C 20 6D 65 61 73 75 
14:49:25.789 > [VESC=>ESP (5)] 23 72 65 20 74 68 65 20 
14:49:25.790 > [VESC=>ESP (5)] 2A 63 75 72 72 65 6E 74 
14:49:25.791 > [VESC=>ESP (5)] 31 20 61 6E 64 20 63 61 
14:49:25.791 > [VESC=>ESP (5)] 38 6C 63 75 6C 61 74 65 
14:49:25.791 > [VESC=>ESP (5)] 3F 20 74 68 65 20 6D 6F 
14:49:25.792 > [VESC=>ESP (5)] 46 74 6F 72 20 69 6E 64 
14:49:25.792 > [VESC=>ESP (5)] 4D 75 63 74 61 6E 63 65 
14:49:25.793 > [VESC=>ESP (7)] 45 01 00 54 F4 51 
14:49:25.793 > [VESC=>ESP (5)] 00 15 6D 65 61 73 75 72 
14:49:25.794 > [VESC=>ESP (5)] 07 65 5F 6C 69 6E 6B 61 
14:49:25.795 > [VESC=>ESP (5)] 0E 67 65 20 5B 63 75 72 
14:49:25.796 > [VESC=>ESP (5)] 15 72 65 6E 74 5D 20 5B 
14:49:25.796 > [VESC=>ESP (5)] 1C 64 75 74 79 5D 20 5B 
14:49:25.797 > [VESC=>ESP (5)] 23 6D 69 6E 5F 65 72 70 
14:49:25.797 > [VESC=>ESP (5)] 2A 6D 5D 20 5B 6D 6F 74 
14:49:25.797 > [VESC=>ESP (5)] 31 6F 72 5F 72 65 73 5D 
14:49:25.798 > [VESC=>ESP (7)] 45 01 00 38 E4 72 
14:49:25.798 > [VESC=>ESP (5)] 00 15 20 20 52 75 6E 20 
14:49:25.799 > [VESC=>ESP (5)] 07 74 68 65 20 6D 6F 74 
14:49:25.799 > [VESC=>ESP (5)] 0E 6F 72 20 69 6E 20 42 
14:49:25.800 > [VESC=>ESP (5)] 15 4C 44 43 20 64 65 6C 
14:49:25.800 > [VESC=>ESP (5)] 1C 61 79 20 6D 6F 64 65 
14:49:25.801 > [VESC=>ESP (5)] 23 20 61 6E 64 20 6D 65 
14:49:25.801 > [VESC=>ESP (5)] 2A 61 73 75 72 65 20 74 
14:49:25.802 > [VESC=>ESP (5)] 31 68 65 20 66 6C 75 78 
14:49:25.802 > [VESC=>ESP (5)] 38 20 6C 69 6E 6B 61 67 
14:49:25.803 > [VESC=>ESP (5)] 3F 65 
14:49:25.803 > [VESC=>ESP (7)] 45 01 00 40 09 28 
14:49:25.804 > [VESC=>ESP (5)] 00 15 20 20 65 78 61 6D 
14:49:25.804 > [VESC=>ESP (5)] 07 70 6C 65 20 6D 65 61 
14:49:25.806 > [VESC=>ESP (5)] 0E 73 75 72 65 5F 6C 69 
14:49:25.807 > [VESC=>ESP (5)] 15 6E 6B 61 67 65 20 35 
14:49:25.807 > [VESC=>ESP (5)] 1C 20 30 2E 35 20 37 30 
14:49:25.807 > [VESC=>ESP (5)] 23 30 20 30 2E 30 37 36 
14:49:25.808 > [VESC=>ESP (7)] 45 01 00 2A 52 28 
14:49:25.808 > [VESC=>ESP (5)] 00 15 20 20 74 69 70 3A 
14:49:25.809 > [VESC=>ESP (5)] 07 20 6D 65 61 73 75 72 
14:49:25.809 > [VESC=>ESP (5)] 0E 65 20 74 68 65 20 72 
14:49:25.810 > [VESC=>ESP (5)] 15 65 73 69 73 74 61 6E 
14:49:25.810 > [VESC=>ESP (5)] 1C 63 65 20 77 69 74 68 
14:49:25.811 > [VESC=>ESP (5)] 23 20 6D 65 61 73 75 72 
14:49:25.811 > [VESC=>ESP (5)] 2A 65 5F 72 65 73 20 66 
14:49:25.811 > [VESC=>ESP (5)] 31 69 72 73 74 
14:49:25.812 > [VESC=>ESP (7)] 45 01 00 35 43 08 
14:49:25.812 > [VESC=>ESP (5)] 00 15 6D 65 61 73 75 72 
14:49:25.813 > [VESC=>ESP (5)] 07 65 5F 72 65 73 5F 69 
14:49:25.813 > [VESC=>ESP (5)] 0E 6E 64 
14:49:25.814 > [VESC=>ESP (7)] 45 01 00 10 28 95 
14:49:25.814 > [VESC=>ESP (5)] 00 15 20 20 4D 65 61 73 
14:49:25.815 > [VESC=>ESP (5)] 07 75 72 65 20 74 68 65 
14:49:25.816 > [VESC=>ESP (5)] 0E 20 6D 6F 74 6F 72 20 
14:49:25.818 > [VESC=>ESP (5)] 15 72 65 73 69 73 74 61 
14:49:25.818 > [VESC=>ESP (5)] 1C 6E 63 65 20 61 6E 64 
14:49:25.818 > [VESC=>ESP (5)] 23 20 69 6E 64 75 63 74 
14:49:25.819 > [VESC=>ESP (5)] 2A 61 6E 63 65 20 77 69 
14:49:25.819 > [VESC=>ESP (5)] 31 74 68 20 61 6E 20 69 
14:49:25.820 > [VESC=>ESP (5)] 38 6E 63 72 65 6D 65 6E 
14:49:25.820 > [VESC=>ESP (5)] 3F 74 61 6C 20 61 64 61 
14:49:25.820 > [VESC=>ESP (5)] 46 70 74 69 76 65 20 61 
14:49:25.821 > [VESC=>ESP (5)] 4D 6C 67 6F 72 69 74 68 
14:49:25.821 > [VESC=>ESP (5)] 54 6D 2E 
14:49:25.822 > [VESC=>ESP (7)] 45 01 00 56 11 B2 
14:49:25.823 > [VESC=>ESP (5)] 00 15 6D 65 61 73 75 72 
14:49:25.823 > [VESC=>ESP (5)] 07 65 5F 6C 69 6E 6B 61 
14:49:25.824 > [VESC=>ESP (5)] 0E 67 65 5F 66 6F 63 20 
14:49:25.824 > [VESC=>ESP (5)] 15 5B 64 75 74 79 5D 
14:49:25.825 > [VESC=>ESP (7)] 45 01 00 1B 80 0C 
14:49:25.825 > [VESC=>ESP (5)] 00 15 20 20 52 75 6E 20 
14:49:25.825 > [VESC=>ESP (5)] 07 74 68 65 20 6D 6F 74 
14:49:25.826 > [VESC=>ESP (5)] 0E 6F 72 20 77 69 74 68 
14:49:25.827 > [VESC=>ESP (5)] 15 20 46 4F 43 20 61 6E 
14:49:25.829 > [VESC=>ESP (5)] 1C 64 20 6D 65 61 73 75 
14:49:25.829 > [VESC=>ESP (5)] 23 72 65 20 74 68 65 20 
14:49:25.829 > [VESC=>ESP (5)] 2A 66 6C 75 78 20 6C 69 
14:49:25.830 > [VESC=>ESP (5)] 31 6E 6B 61 67 65 2E 
14:49:25.830 > [VESC=>ESP (7)] 45 01 00 37 EB B8 
14:49:25.831 > [VESC=>ESP (5)] 00 15 6D 65 61 73 75 72 
14:49:25.832 > [VESC=>ESP (5)] 07 65 5F 6C 69 6E 6B 61 
14:49:25.832 > [VESC=>ESP (5)] 0E 67 65 5F 6F 70 65 6E 
14:49:25.832 > [VESC=>ESP (5)] 15 6C 6F 6F 70 20 5B 63 
14:49:25.834 > [VESC=>ESP (5)] 1C 75 72 72 65 6E 74 5D 
14:49:25.834 > [VESC=>ESP (5)] 23 20 5B 64 75 74 79 5D 
14:49:25.834 > [VESC=>ESP (5)] 2A 20 5B 65 72 70 6D 5F 
14:49:25.835 > [VESC=>ESP (5)] 31 70 65 72 5F 73 65 63 
14:49:25.835 > [VESC=>ESP (5)] 38 5D 20 5B 6D 6F 74 6F 
14:49:25.835 > [VESC=>ESP (5)] 3F 72 5F 72 65 73 5D 20 
14:49:25.836 > [VESC=>ESP (5)] 46 5B 6D 6F 74 6F 72 5F 
14:49:25.837 > [VESC=>ESP (5)] 4D 69 6E 64 5D 
14:49:25.837 > [VESC=>ESP (7)] 45 01 00 51 E9 D4 
14:49:25.837 > [VESC=>ESP (5)] 00 15 20 20 52 75 6E 20 
14:49:25.838 > [VESC=>ESP (5)] 07 74 68 65 20 6D 6F 74 
14:49:25.839 > [VESC=>ESP (5)] 0E 6F 72 20 69 6E 20 6F 
14:49:25.839 > [VESC=>ESP (5)] 15 70 65 6E 6C 6F 6F 70 
14:49:25.840 > [VESC=>ESP (5)] 1C 20 46 4F 43 20 61 6E 
14:49:25.840 > [VESC=>ESP (5)] 23 64 20 6D 65 61 73 75 
14:49:25.841 > [VESC=>ESP (5)] 2A 72 65 20 74 68 65 20 
14:49:25.841 > [VESC=>ESP (5)] 31 66 6C 75 78 20 6C 69 
14:49:25.842 > [VESC=>ESP (5)] 38 6E 6B 61 67 65 
14:49:25.842 > [VESC=>ESP (7)] 45 01 00 3D 98 5D 
14:49:25.842 > [VESC=>ESP (5)] 00 15 20 20 65 78 61 6D 
14:49:25.843 > [VESC=>ESP (5)] 07 70 6C 65 20 6D 65 61 
14:49:25.843 > [VESC=>ESP (5)] 0E 73 75 72 65 5F 6C 69 
14:49:25.844 > [VESC=>ESP (5)] 15 6E 6B 61 67 65 5F 6F 
14:49:25.844 > [VESC=>ESP (5)] 1C 70 65 6E 6C 6F 6F 70 
14:49:25.845 > [VESC=>ESP (5)] 23 20 35 20 30 2E 35 20 
14:49:25.845 > [VESC=>ESP (5)] 2A 31 30 30 30 20 30 2E 
14:49:25.846 > [VESC=>ESP (5)] 31 30 37 36 20 30 2E 30 
14:49:25.846 > [VESC=>ESP (5)] 38 30 30 30 31 35 
14:49:25.847 > [VESC=>ESP (7)] 45 01 00 3D 42 1B 
14:49:25.847 > [VESC=>ESP (5)] 00 15 20 20 74 69 70 3A 
14:49:25.848 > [VESC=>ESP (5)] 07 20 6D 65 61 73 75 72 
14:49:25.849 > [VESC=>ESP (5)] 0E 65 20 74 68 65 20 72 
14:49:25.849 > [VESC=>ESP (5)] 15 65 73 69 73 74 61 6E 
14:49:25.849 > [VESC=>ESP (5)] 1C 63 65 20 77 69 74 68 
14:49:25.851 > [VESC=>ESP (5)] 23 20 6D 65 61 73 75 72 
14:49:25.851 > [VESC=>ESP (5)] 2A 65 5F 72 65 73 20 66 
14:49:25.851 > [VESC=>ESP (5)] 31 69 72 73 74 
14:49:25.852 > [VESC=>ESP (7)] 45 01 00 35 43 08 
14:49:25.852 > [VESC=>ESP (5)] 00 15 66 6F 63 5F 73 74 
14:49:25.853 > [VESC=>ESP (5)] 07 61 74 65 
14:49:25.853 > [VESC=>ESP (7)] 45 01 00 0A 51 2B 
14:49:25.854 > [VESC=>ESP (5)] 00 15 20 20 50 72 69 6E 
14:49:25.854 > [VESC=>ESP (5)] 07 74 20 73 6F 6D 65 20 
14:49:25.855 > [VESC=>ESP (5)] 0E 46 4F 43 20 73 74 61 
14:49:25.855 > [VESC=>ESP (5)] 15 74 65 20 76 61 72 69 
14:49:25.856 > [VESC=>ESP (5)] 1C 61 62 6C 65 73 2E 
14:49:25.856 > [VESC=>ESP (7)] 45 01 00 22 A3 DB 
14:49:25.857 > [VESC=>ESP (5)] 00 15 66 6F 63 5F 64 63 
14:49:25.857 > [VESC=>ESP (5)] 07 5F 63 61 6C 
14:49:25.858 > [VESC=>ESP (7)] 45 01 00 0B F9 31 
14:49:25.859 > [VESC=>ESP (5)] 00 15 20 20 43 61 6C 69 
14:49:25.859 > [VESC=>ESP (5)] 07 62 72 61 74 65 20 63 
14:49:25.859 > [VESC=>ESP (5)] 0E 75 72 72 65 6E 74 20 
14:49:25.860 > [VESC=>ESP (5)] 15 61 6E 64 20 76 6F 6C 
14:49:25.860 > [VESC=>ESP (5)] 1C 74 61 67 65 20 44 43 
14:49:25.861 > [VESC=>ESP (5)] 23 20 6F 66 66 73 65 74 
14:49:25.862 > [VESC=>ESP (5)] 2A 73 2E 
14:49:25.862 > [VESC=>ESP (7)] 45 01 00 2C 6C F8 
14:49:25.863 > [VESC=>ESP (5)] 00 15 68 77 5F 73 74 61 
14:49:25.863 > [VESC=>ESP (5)] 07 74 75 73 
14:49:25.863 > [VESC=>ESP (7)] 45 01 00 0A 1D 5C 
14:49:25.864 > [VESC=>ESP (5)] 00 15 20 20 50 72 69 6E 
14:49:25.864 > [VESC=>ESP (5)] 07 74 20 73 6F 6D 65 20 
14:49:25.865 > [VESC=>ESP (5)] 0E 68 61 72 64 77 61 72 
14:49:25.866 > [VESC=>ESP (5)] 15 65 20 73 74 61 74 75 
14:49:25.866 > [VESC=>ESP (5)] 1C 73 20 69 6E 66 6F 72 
14:49:25.867 > [VESC=>ESP (5)] 23 6D 61 74 69 6F 6E 2E 
14:49:25.867 > [VESC=>ESP (7)] 45 01 00 2A C1 61 
14:49:25.868 > [VESC=>ESP (5)] 00 15 66 6F 63 5F 6F 70 
14:49:25.869 > [VESC=>ESP (5)] 07 65 6E 6C 6F 6F 70 20 
14:49:25.870 > [VESC=>ESP (5)] 0E 5B 63 75 72 72 65 6E 
14:49:25.870 > [VESC=>ESP (5)] 15 74 5D 20 5B 65 72 70 
14:49:25.871 > [VESC=>ESP (5)] 1C 6D 5D 
14:49:25.871 > [VESC=>ESP (7)] 45 01 00 1E DA 34 
14:49:25.871 > [VESC=>ESP (5)] 00 15 20 20 43 72 65 61 
14:49:25.872 > [VESC=>ESP (5)] 07 74 65 20 61 6E 20 6F 
14:49:25.872 > [VESC=>ESP (5)] 0E 70 65 6E 20 6C 6F 6F 
14:49:25.873 > [VESC=>ESP (5)] 15 70 20 72 6F 74 61 74 
14:49:25.873 > [VESC=>ESP (5)] 1C 69 6E 67 20 63 75 72 
14:49:25.874 > [VESC=>ESP (5)] 23 72 65 6E 74 20 76 65 
14:49:25.874 > [VESC=>ESP (5)] 2A 63 74 6F 72 2E 
14:49:25.875 > [VESC=>ESP (7)] 45 01 00 2F 96 35 
14:49:25.875 > [VESC=>ESP (5)] 00 15 66 6F 63 5F 6F 70 
14:49:25.876 > [VESC=>ESP (5)] 07 65 6E 6C 6F 6F 70 5F 
14:49:25.876 > [VESC=>ESP (5)] 0E 64 75 74 79 20 5B 64 
14:49:25.877 > [VESC=>ESP (5)] 15 75 74 79 5D 20 5B 65 
14:49:25.878 > [VESC=>ESP (5)] 1C 72 70 6D 5D 
14:49:25.878 > [VESC=>ESP (7)] 45 01 00 20 91 19 
14:49:25.879 > [VESC=>ESP (5)] 00 15 20 20 43 72 65 61 
14:49:25.879 > [VESC=>ESP (5)] 07 74 65 20 61 6E 20 6F 
14:49:25.880 > [VESC=>ESP (5)] 0E 70 65 6E 20 6C 6F 6F 
14:49:25.880 > [VESC=>ESP (5)] 15 70 20 72 6F 74 61 74 
14:49:25.881 > [VESC=>ESP (5)] 1C 69 6E 67 20 76 6F 6C 
14:49:25.881 > [VESC=>ESP (5)] 23 74 61 67 65 20 76 65 
14:49:25.882 > [VESC=>ESP (5)] 2A 63 74 6F 72 2E 
14:49:25.882 > [VESC=>ESP (7)] 45 01 00 2F 63 80 
14:49:25.882 > [VESC=>ESP (5)] 00 15 6E 72 66 5F 65 78 
14:49:25.883 > [VESC=>ESP (5)] 07 74 5F 73 65 74 5F 65 
14:49:25.884 > [VESC=>ESP (5)] 0E 6E 61 62 6C 65 64 20 
14:49:25.884 > [VESC=>ESP (5)] 15 5B 65 6E 61 62 6C 65 
14:49:25.885 > [VESC=>ESP (5)] 1C 64 5D 
14:49:25.885 > [VESC=>ESP (7)] 45 01 00 1E B1 B4 
14:49:25.886 > [VESC=>ESP (5)] 00 15 20 20 45 6E 61 62 
14:49:25.887 > [VESC=>ESP (5)] 07 6C 65 20 6F 72 20 64 
14:49:25.887 > [VESC=>ESP (5)] 0E 69 73 61 62 6C 65 20 
14:49:25.888 > [VESC=>ESP (5)] 15 65 78 74 65 72 6E 61 
14:49:25.888 > [VESC=>ESP (5)] 1C 6C 20 4E 52 46 35 31 
14:49:25.889 > [VESC=>ESP (5)] 23 38 32 32 2E 
14:49:25.889 > [VESC=>ESP (7)] 45 01 00 27 0D 84 
14:49:25.890 > [VESC=>ESP (5)] 00 15 66 6F 63 5F 73 65 
14:49:25.890 > [VESC=>ESP (5)] 07 6E 73 6F 72 73 5F 64 
14:49:25.892 > [VESC=>ESP (5)] 0E 65 74 65 63 74 5F 61 
14:49:25.893 > [VESC=>ESP (5)] 15 70 70 6C 79 20 5B 63 
14:49:25.893 > [VESC=>ESP (5)] 1C 75 72 72 65 6E 74 5D 
14:49:25.893 > [VESC=>ESP (7)] 45 01 00 23 D3 5F 
14:49:25.897 > [VESC=>ESP (5)] 00 15 20 20 41 75 74 6F 
14:49:25.898 > [VESC=>ESP (5)] 07 6D 61 74 69 63 61 6C 
14:49:25.898 > [VESC=>ESP (5)] 0E 6C 79 20 64 65 74 65 
14:49:25.898 > [VESC=>ESP (5)] 15 63 74 20 46 4F 43 20 
14:49:25.898 > [VESC=>ESP (5)] 1C 73 65 6E 73 6F 72 73 
14:49:25.898 > [VESC=>ESP (5)] 23 2C 20 61 6E 64 20 61 
14:49:25.898 > [VESC=>ESP (5)] 2A 70 70 6C 79 20 73 65 
14:49:25.898 > [VESC=>ESP (5)] 31 74 74 69 6E 67 73 20 
14:49:25.898 > [VESC=>ESP (5)] 38 6F 6E 20 73 75 63 63 
14:49:25.899 > [VESC=>ESP (5)] 3F 65 73 73 2E 
14:49:25.899 > [VESC=>ESP (7)] 45 01 00 43 45 24 
14:49:25.900 > [VESC=>ESP (5)] 00 15 72 6F 74 6F 72 5F 
14:49:25.901 > [VESC=>ESP (5)] 07 6C 6F 63 6B 5F 6F 70 
14:49:25.901 > [VESC=>ESP (5)] 0E 65 6E 6C 6F 6F 70 20 
14:49:25.902 > [VESC=>ESP (5)] 15 5B 63 75 72 72 65 6E 
14:49:25.902 > [VESC=>ESP (5)] 1C 74 5F 41 5D 20 5B 74 
14:49:25.902 > [VESC=>ESP (5)] 23 69 6D 65 5F 53 5D 20 
14:49:25.904 > [VESC=>ESP (5)] 2A 5B 61 6E 67 6C 65 5F 
14:49:25.904 > [VESC=>ESP (5)] 31 44 45 47 5D 
14:49:25.904 > [VESC=>ESP (7)] 45 01 00 35 B7 1F 
14:49:25.905 > [VESC=>ESP (5)] 00 15 20 20 4C 6F 63 6B 
14:49:25.905 > [VESC=>ESP (5)] 07 20 74 68 65 20 6D 6F 
14:49:25.906 > [VESC=>ESP (5)] 0E 74 6F 72 20 77 69 74 
14:49:25.906 > [VESC=>ESP (5)] 15 68 20 61 20 63 75 72 
14:49:25.907 > [VESC=>ESP (5)] 1C 72 65 6E 74 20 66 6F 
14:49:25.907 > [VESC=>ESP (5)] 23 72 20 61 20 67 69 76 
14:49:25.907 > [VESC=>ESP (5)] 2A 65 6E 20 74 69 6D 65 
14:49:25.908 > [VESC=>ESP (5)] 31 2E 20 54 69 6D 65 20 
14:49:25.909 > [VESC=>ESP (5)] 38 30 20 6D 65 61 6E 73 
14:49:25.911 > [VESC=>ESP (5)] 3F 20 66 6F 72 65 76 65 
14:49:25.911 > [VESC=>ESP (5)] 46 72 2C 20 6F 72 
14:49:25.911 > [VESC=>ESP (7)] 45 01 00 4B 2F AD 
14:49:25.912 > [VESC=>ESP (5)] 00 15 20 20 6F 72 20 75 
14:49:25.912 > [VESC=>ESP (5)] 07 6E 74 69 6C 20 74 68 
14:49:25.913 > [VESC=>ESP (5)] 0E 65 20 68 65 61 72 74 
14:49:25.913 > [VESC=>ESP (5)] 15 62 65 61 74 20 70 61 
14:49:25.914 > [VESC=>ESP (5)] 1C 63 6B 65 74 73 20 73 
14:49:25.914 > [VESC=>ESP (5)] 23 74 6F 70 2E 
14:49:25.914 > [VESC=>ESP (7)] 45 01 00 27 83 55 
14:49:25.915 > [VESC=>ESP (5)] 00 15 66 6F 63 5F 64 65 
14:49:25.915 > [VESC=>ESP (5)] 07 74 65 63 74 5F 61 70 
14:49:25.916 > [VESC=>ESP (5)] 0E 70 6C 79 5F 61 6C 6C 
14:49:25.916 > [VESC=>ESP (5)] 15 20 5B 6D 61 78 5F 70 
14:49:25.917 > [VESC=>ESP (5)] 1C 6F 77 65 72 5F 6C 6F 
14:49:25.917 > [VESC=>ESP (5)] 23 73 73 5F 57 5D 
14:49:25.917 > [VESC=>ESP (7)] 45 01 00 28 CB 32 
14:49:25.918 > [VESC=>ESP (5)] 00 15 20 20 44 65 74 65 
14:49:25.918 > [VESC=>ESP (5)] 07 63 74 20 61 6E 64 20 
14:49:25.919 > [VESC=>ESP (5)] 0E 61 70 70 6C 79 20 61 
14:49:25.921 > [VESC=>ESP (5)] 15 6C 6C 20 6D 6F 74 6F 
14:49:25.922 > [VESC=>ESP (5)] 1C 72 20 73 65 74 74 69 
14:49:25.922 > [VESC=>ESP (5)] 23 6E 67 73 2C 20 62 61 
14:49:25.922 > [VESC=>ESP (5)] 2A 73 65 64 20 6F 6E 20 
14:49:25.923 > [VESC=>ESP (5)] 31 6D 61 78 69 6D 75 6D 
14:49:25.923 > [VESC=>ESP (5)] 38 20 72 65 73 69 73 74 
14:49:25.924 > [VESC=>ESP (5)] 3F 69 76 65 20 6D 6F 74 
14:49:25.924 > [VESC=>ESP (5)] 46 6F 72 20 70 6F 77 65 
14:49:25.925 > [VESC=>ESP (5)] 4D 72 20 6C 6F 73 73 65 
14:49:25.925 > [VESC=>ESP (5)] 54 73 2E 
14:49:25.926 > [VESC=>ESP (7)] 45 01 00 56 11 79 
14:49:25.926 > [VESC=>ESP (5)] 00 15 66 6F 63 5F 64 65 
14:49:25.926 > [VESC=>ESP (5)] 07 74 65 63 74 5F 61 70 
14:49:25.927 > [VESC=>ESP (5)] 0E 70 6C 79 5F 61 6C 6C 
14:49:25.927 > [VESC=>ESP (5)] 15 5F 63 61 6E 20 5B 6D 
14:49:25.928 > [VESC=>ESP (5)] 1C 61 78 5F 70 6F 77 65 
14:49:25.928 > [VESC=>ESP (5)] 23 72 5F 6C 6F 73 73 5F 
14:49:25.929 > [VESC=>ESP (5)] 2A 57 5D 
14:49:25.929 > [VESC=>ESP (7)] 45 01 00 2C B9 3D 
14:49:25.930 > [VESC=>ESP (5)] 00 15 20 20 44 65 74 65 
14:49:25.930 > [VESC=>ESP (5)] 07 63 74 20 61 6E 64 20 
14:49:25.932 > [VESC=>ESP (5)] 0E 61 70 70 6C 79 20 61 
14:49:25.933 > [VESC=>ESP (5)] 15 6C 6C 20 6D 6F 74 6F 
14:49:25.933 > [VESC=>ESP (5)] 1C 72 20 73 65 74 74 69 
14:49:25.934 > [VESC=>ESP (5)] 23 6E 67 73 2C 20 62 61 
14:49:25.934 > [VESC=>ESP (5)] 2A 73 65 64 20 6F 6E 20 
14:49:25.935 > [VESC=>ESP (5)] 31 6D 61 78 69 6D 75 6D 
14:49:25.935 > [VESC=>ESP (5)] 38 20 72 65 73 69 73 74 
14:49:25.936 > [VESC=>ESP (5)] 3F 69 76 65 20 6D 6F 74 
14:49:25.936 > [VESC=>ESP (5)] 46 6F 72 20 70 6F 77 65 
14:49:25.937 > [VESC=>ESP (5)] 4D 72 20 6C 6F 73 73 65 
14:49:25.937 > [VESC=>ESP (5)] 54 73 2E 20 41 6C 73 6F 
14:49:25.937 > [VESC=>ESP (7)] 45 01 00 5B 21 DC 
14:49:25.938 > [VESC=>ESP (5)] 00 15 20 20 69 6E 69 74 
14:49:25.938 > [VESC=>ESP (5)] 07 69 61 74 65 73 20 64 
14:49:25.939 > [VESC=>ESP (5)] 0E 65 74 65 63 74 69 6F 
14:49:25.939 > [VESC=>ESP (5)] 15 6E 20 69 6E 20 61 6C 
14:49:25.941 > [VESC=>ESP (5)] 1C 6C 20 56 45 53 43 73 
14:49:25.941 > [VESC=>ESP (5)] 23 20 66 6F 75 6E 64 20 
14:49:25.941 > [VESC=>ESP (5)] 2A 6F 6E 20 74 68 65 20 
14:49:25.941 > [VESC=>ESP (5)] 31 43 41 4E 2D 62 75 73 
14:49:25.942 > [VESC=>ESP (5)] 38 2E 
14:49:25.943 > [VESC=>ESP (7)] 45 01 00 39 8F 75 
14:49:25.943 > [VESC=>ESP (5)] 00 15 75 70 74 69 6D 65 
14:49:25.944 > [VESC=>ESP (7)] 45 01 00 07 99 CC 
14:49:25.945 > [VESC=>ESP (5)] 00 15 20 20 50 72 69 6E 
14:49:25.945 > [VESC=>ESP (5)] 07 74 73 20 68 6F 77 20 
14:49:25.946 > [VESC=>ESP (5)] 0E 6D 61 6E 79 20 73 65 
14:49:25.946 > [VESC=>ESP (5)] 15 63 6F 6E 64 73 20 68 
14:49:25.946 > [VESC=>ESP (5)] 1C 61 76 65 20 70 61 73 
14:49:25.946 > [VESC=>ESP (5)] 23 73 65 64 20 73 69 6E 
14:49:25.947 > [VESC=>ESP (5)] 2A 63 65 20 62 6F 6F 74 
14:49:25.947 > [VESC=>ESP (5)] 31 2E 
14:49:25.948 > [VESC=>ESP (7)] 45 01 00 32 57 DF 
14:49:25.948 > [VESC=>ESP (5)] 00 15 68 61 6C 6C 5F 61 
14:49:25.949 > [VESC=>ESP (5)] 07 6E 61 6C 79 7A 65 20 
14:49:25.949 > [VESC=>ESP (5)] 0E 5B 63 75 72 72 65 6E 
14:49:25.950 > [VESC=>ESP (5)] 15 74 5D 
14:49:25.950 > [VESC=>ESP (7)] 45 01 00 17 91 30 
14:49:25.951 > [VESC=>ESP (5)] 00 15 20 20 52 6F 74 61 
14:49:25.952 > [VESC=>ESP (5)] 07 74 65 20 6D 6F 74 6F 
14:49:25.952 > [VESC=>ESP (5)] 0E 72 20 69 6E 20 6F 70 
14:49:25.952 > [VESC=>ESP (5)] 15 65 6E 20 6C 6F 6F 70 
14:49:25.953 > [VESC=>ESP (5)] 1C 20 61 6E 64 20 61 6E 
14:49:25.954 > [VESC=>ESP (5)] 23 61 6C 79 7A 65 20 68 
14:49:25.954 > [VESC=>ESP (5)] 2A 61 6C 6C 20 73 65 6E 
14:49:25.955 > [VESC=>ESP (5)] 31 73 6F 72 73 2E 
14:49:25.955 > [VESC=>ESP (7)] 45 01 00 36 A3 47 
14:49:25.956 > [VESC=>ESP (8)] 45 01 15 63 72 63 
14:49:25.956 > [VESC=>ESP (5)] 00 15 20 20 50 72 69 6E 
14:49:25.957 > [VESC=>ESP (5)] 07 74 20 43 52 43 20 76 
14:49:25.957 > [VESC=>ESP (5)] 0E 61 6C 75 65 73 2E 
14:49:25.958 > [VESC=>ESP (7)] 45 01 00 14 06 10 
14:49:25.958 > [VESC=>ESP (5)] 00 15 64 72 76 5F 72 65 
14:49:25.959 > [VESC=>ESP (5)] 07 73 65 74 5F 66 61 75 
14:49:25.959 > [VESC=>ESP (5)] 0E 6C 74 73 
14:49:25.960 > [VESC=>ESP (7)] 45 01 00 11 65 79 
14:49:25.960 > [VESC=>ESP (5)] 00 15 20 20 52 65 73 65 
14:49:25.962 > [VESC=>ESP (5)] 07 74 20 67 61 74 65 20 
14:49:25.962 > [VESC=>ESP (5)] 0E 64 72 69 76 65 72 20 
14:49:25.963 > [VESC=>ESP (5)] 15 66 61 75 6C 74 73 20 
14:49:25.963 > [VESC=>ESP (5)] 1C 28 69 66 20 70 6F 73 
14:49:25.964 > [VESC=>ESP (5)] 23 73 69 62 6C 65 29 2E 
14:49:25.964 > [VESC=>ESP (7)] 45 01 00 2A 22 66 
14:49:25.965 > [VESC=>ESP (5)] 00 15 75 70 64 61 74 65 
14:49:25.965 > [VESC=>ESP (5)] 07 5F 70 69 64 5F 70 6F 
14:49:25.965 > [VESC=>ESP (5)] 0E 73 5F 6F 66 66 73 65 
14:49:25.966 > [VESC=>ESP (5)] 15 74 20 5B 61 6E 67 6C 
14:49:25.966 > [VESC=>ESP (5)] 1C 65 5F 6E 6F 77 5D 20 
14:49:25.967 > [VESC=>ESP (5)] 23 5B 73 74 6F 72 65 5D 
14:49:25.968 > [VESC=>ESP (7)] 45 01 00 2A 50 6B 
14:49:25.968 > [VESC=>ESP (5)] 00 15 20 20 55 70 64 61 
14:49:25.969 > [VESC=>ESP (5)] 07 74 65 20 70 6F 73 69 
14:49:25.969 > [VESC=>ESP (5)] 0E 74 69 6F 6E 20 50 49 
14:49:25.969 > [VESC=>ESP (5)] 15 44 20 6F 66 66 73 65 
14:49:25.970 > [VESC=>ESP (5)] 1C 74 2E 
14:49:25.971 > [VESC=>ESP (7)] 45 01 00 1E 95 66 
14:49:25.972 > [VESC=>ESP (5)] 00 15 66 77 69 6E 66 6F 
14:49:25.973 > [VESC=>ESP (7)] 45 01 00 07 F0 7D 
14:49:25.973 > [VESC=>ESP (5)] 00 15 20 20 50 72 69 6E 
14:49:25.973 > [VESC=>ESP (5)] 07 74 20 64 65 74 61 69 
14:49:25.974 > [VESC=>ESP (5)] 0E 6C 65 64 20 66 69 72 
14:49:25.974 > [VESC=>ESP (5)] 15 6D 77 61 72 65 20 69 
14:49:25.975 > [VESC=>ESP (5)] 1C 6E 66 6F 2E 
14:49:25.975 > [VESC=>ESP (7)] 45 01 00 20 83 AC 
14:49:25.975 > [VESC=>ESP (5)] 00 15 72 65 62 6F 6F 74 
14:49:25.976 > [VESC=>ESP (5)] 07 77 64 74 
14:49:25.976 > [VESC=>ESP (7)] 45 01 00 0A E7 7A 
14:49:25.977 > [VESC=>ESP (5)] 00 15 20 20 52 65 62 6F 
14:49:25.977 > [VESC=>ESP (5)] 07 6F 74 20 75 73 69 6E 
14:49:25.978 > [VESC=>ESP (5)] 0E 67 20 74 68 65 20 77 
14:49:25.979 > [VESC=>ESP (5)] 15 61 74 63 68 64 6F 67 
14:49:25.979 > [VESC=>ESP (5)] 1C 20 74 69 6D 65 72 2E 
14:49:25.980 > [VESC=>ESP (7)] 45 01 00 23 A4 3F 
14:49:25.980 > [VESC=>ESP (5)] 00 15 65 76 65 6E 74 73 
14:49:25.980 > [VESC=>ESP (7)] 45 01 00 07 6D 52 
14:49:25.982 > [VESC=>ESP (5)] 00 15 20 20 50 72 69 6E 
14:49:25.982 > [VESC=>ESP (5)] 07 74 20 72 65 63 65 6E 
14:49:25.982 > [VESC=>ESP (5)] 0E 74 20 6D 6F 74 6F 72 
14:49:25.983 > [VESC=>ESP (5)] 15 20 65 76 65 6E 74 73 
14:49:25.984 > [VESC=>ESP (7)] 45 01 00 1C DF AD 
14:49:25.984 > [VESC=>ESP (5)] 00 15 64 72 76 38 33 30 
14:49:25.985 > [VESC=>ESP (5)] 07 31 5F 72 65 61 64 5F 
14:49:25.985 > [VESC=>ESP (5)] 0E 72 65 67 20 5B 72 65 
14:49:25.986 > [VESC=>ESP (5)] 15 67 5D 
14:49:25.986 > [VESC=>ESP (7)] 45 01 00 17 42 EB 
14:49:25.987 > [VESC=>ESP (5)] 00 15 20 20 52 65 61 64 
14:49:25.987 > [VESC=>ESP (5)] 07 20 61 20 72 65 67 69 
14:49:25.988 > [VESC=>ESP (5)] 0E 73 74 65 72 20 66 72 
14:49:25.988 > [VESC=>ESP (5)] 15 6F 6D 20 74 68 65 20 
14:49:25.989 > [VESC=>ESP (5)] 1C 44 52 56 38 33 30 31 
14:49:25.993 > [VESC=>ESP (5)] 23 20 61 6E 64 20 70 72 
14:49:25.993 > [VESC=>ESP (5)] 2A 69 6E 74 20 69 74 2E 
14:49:25.994 > [VESC=>ESP (7)] 45 01 00 31 0D 05 
14:49:25.994 > [VESC=>ESP (5)] 00 15 64 72 76 38 33 30 
14:49:25.994 > [VESC=>ESP (5)] 07 31 5F 77 72 69 74 65 
14:49:25.994 > [VESC=>ESP (5)] 0E 5F 72 65 67 20 5B 72 
14:49:25.995 > [VESC=>ESP (5)] 15 65 67 5D 20 5B 68 65 
14:49:25.995 > [VESC=>ESP (5)] 1C 78 76 61 6C 75 65 5D 
14:49:25.996 > [VESC=>ESP (7)] 45 01 00 23 75 B2 
14:49:25.996 > [VESC=>ESP (5)] 00 15 20 20 57 72 69 74 
14:49:25.997 > [VESC=>ESP (5)] 07 65 20 74 6F 20 61 20 
14:49:25.999 > [VESC=>ESP (5)] 0E 44 52 56 38 33 30 31 
14:49:25.999 > [VESC=>ESP (5)] 15 20 72 65 67 69 73 74 
14:49:25.999 > [VESC=>ESP (5)] 1C 65 72 2E 
14:49:26.000 > [VESC=>ESP (7)] 45 01 00 1F 98 A7 
14:49:26.000 > [VESC=>ESP (5)] 00 15 64 72 76 38 33 30 
14:49:26.001 > [VESC=>ESP (5)] 07 31 5F 73 65 74 5F 6F 
14:49:26.001 > [VESC=>ESP (5)] 0E 63 5F 61 64 6A 20 5B 
14:49:26.004 > [VESC=>ESP (5)] 15 76 61 6C 75 65 5D 
14:49:26.004 > [VESC=>ESP (7)] 45 01 00 1B EF 19 
14:49:26.004 > [VESC=>ESP (5)] 00 15 20 20 53 65 74 20 
14:49:26.004 > [VESC=>ESP (5)] 07 74 68 65 20 44 52 56 
14:49:26.005 > [VESC=>ESP (5)] 0E 38 33 30 31 20 4F 43 
14:49:26.006 > [VESC=>ESP (5)] 15 20 41 44 4A 20 72 65 
14:49:26.006 > [VESC=>ESP (5)] 1C 67 69 73 74 65 72 2E 
14:49:26.006 > [VESC=>ESP (7)] 45 01 00 23 A2 09 
14:49:26.007 > [VESC=>ESP (5)] 00 15 64 72 76 38 33 30 
14:49:26.007 > [VESC=>ESP (5)] 07 31 5F 70 72 69 6E 74 
14:49:26.008 > [VESC=>ESP (5)] 0E 5F 66 61 75 6C 74 73 
14:49:26.008 > [VESC=>ESP (7)] 45 01 00 15 48 03 
14:49:26.009 > [VESC=>ESP (5)] 00 15 20 20 50 72 69 6E 
14:49:26.009 > [VESC=>ESP (5)] 07 74 20 61 6C 6C 20 63 
14:49:26.009 > [VESC=>ESP (5)] 0E 75 72 72 65 6E 74 20 
14:49:26.010 > [VESC=>ESP (5)] 15 44 52 56 38 33 30 31 
14:49:26.010 > [VESC=>ESP (5)] 1C 20 66 61 75 6C 74 73 
14:49:26.011 > [VESC=>ESP (5)] 23 2E 
14:49:26.011 > [VESC=>ESP (7)] 45 01 00 24 1B EF 
14:49:26.011 > [VESC=>ESP (5)] 00 15 65 6E 63 6F 64 65 
14:49:26.016 > [VESC=>ESP (5)] 07 72 
14:49:26.016 > [VESC=>ESP (7)] 45 01 00 08 F7 9F 
14:49:26.017 > [VESC=>ESP (5)] 00 15 20 20 50 72 69 6E 
14:49:26.017 > [VESC=>ESP (5)] 07 74 73 20 74 68 65 20 
14:49:26.017 > [VESC=>ESP (5)] 0E 73 74 61 74 75 73 20 
14:49:26.017 > [VESC=>ESP (5)] 15 6F 66 20 74 68 65 20 
14:49:26.017 > [VESC=>ESP (5)] 1C 41 53 35 30 34 37 2C 
14:49:26.017 > [VESC=>ESP (5)] 23 20 41 53 35 78 34 37 
14:49:26.017 > [VESC=>ESP (5)] 2A 55 2C 20 41 44 32 53 
14:49:26.017 > [VESC=>ESP (5)] 31 31 32 30 35 2C 20 54 
14:49:26.017 > [VESC=>ESP (5)] 38 4C 45 35 30 31 32 2C 
14:49:26.018 > [VESC=>ESP (5)] 3F 20 4D 54 36 38 31 36 
14:49:26.018 > [VESC=>ESP (5)] 46 2C 20 6F 72 20 54 53 
14:49:26.019 > [VESC=>ESP (5)] 4D 35 37 30 30 4E 38 35 
14:49:26.019 > [VESC=>ESP (5)] 54 30 31 20 65 6E 63 6F 
14:49:26.020 > [VESC=>ESP (5)] 5B 64 65 72 2E 
14:49:26.020 > [VESC=>ESP (7)] 45 01 00 5F 0D 5F 
14:49:26.021 > [VESC=>ESP (5)] 00 15 65 6E 63 6F 64 65 
14:49:26.021 > [VESC=>ESP (5)] 07 72 5F 63 6C 65 61 72 
14:49:26.022 > [VESC=>ESP (5)] 0E 5F 65 72 72 6F 72 73 
14:49:26.022 > [VESC=>ESP (7)] 45 01 00 15 0E B8 
14:49:26.023 > [VESC=>ESP (5)] 00 15 20 20 43 6C 65 61 
14:49:26.023 > [VESC=>ESP (5)] 07 72 20 65 72 72 6F 72 
14:49:26.024 > [VESC=>ESP (5)] 0E 20 6F 66 20 74 68 65 
14:49:26.025 > [VESC=>ESP (5)] 15 20 54 53 35 37 30 30 
14:49:26.025 > [VESC=>ESP (5)] 1C 4E 38 35 30 31 20 65 
14:49:26.025 > [VESC=>ESP (5)] 23 6E 63 6F 64 65 72 2C 
14:49:26.027 > [VESC=>ESP (5)] 2A 20 41 44 32 53 31 32 
14:49:26.027 > [VESC=>ESP (5)] 31 30 35 20 72 65 73 6F 
14:49:26.027 > [VESC=>ESP (5)] 38 6C 76 65 72 2E 
14:49:26.028 > [VESC=>ESP (7)] 45 01 00 3D 69 2C 
14:49:26.028 > [VESC=>ESP (5)] 00 15 65 6E 63 6F 64 65 
14:49:26.029 > [VESC=>ESP (5)] 07 72 5F 63 6C 65 61 72 
14:49:26.029 > [VESC=>ESP (5)] 0E 5F 6D 75 6C 74 69 74 
14:49:26.030 > [VESC=>ESP (5)] 15 75 72 6E 
14:49:26.030 > [VESC=>ESP (7)] 45 01 00 18 D7 B4 
14:49:26.030 > [VESC=>ESP (5)] 00 15 20 20 43 6C 65 61 
14:49:26.031 > [VESC=>ESP (5)] 07 72 20 6D 75 6C 74 69 
14:49:26.031 > [VESC=>ESP (5)] 0E 74 75 72 6E 20 63 6F 
14:49:26.032 > [VESC=>ESP (5)] 15 75 6E 74 65 72 20 6F 
14:49:26.032 > [VESC=>ESP (5)] 1C 66 20 74 68 65 20 54 
14:49:26.033 > [VESC=>ESP (5)] 23 53 35 37 30 30 4E 38 
14:49:26.033 > [VESC=>ESP (5)] 2A 35 30 31 20 65 6E 63 
14:49:26.033 > [VESC=>ESP (5)] 31 6F 64 65 72 2E 
14:49:26.034 > [VESC=>ESP (7)] 45 01 00 36 72 35 
14:49:26.036 > [VESC=>ESP (5)] 00 15 63 6F 6E 6E 65 63 
14:49:26.037 > [VESC=>ESP (5)] 07 74 5F 76 69 72 74 75 
14:49:26.037 > [VESC=>ESP (5)] 0E 61 6C 5F 6D 6F 74 6F 
14:49:26.038 > [VESC=>ESP (5)] 15 72 20 5B 6D 6C 5D 5B 
14:49:26.038 > [VESC=>ESP (5)] 1C 4A 5D 5B 56 62 75 73 
14:49:26.039 > [VESC=>ESP (5)] 23 5D 
14:49:26.039 > [VESC=>ESP (7)] 45 01 00 24 FB 9F 
14:49:26.039 > [VESC=>ESP (5)] 00 15 20 20 63 6F 6E 6E 
14:49:26.040 > [VESC=>ESP (5)] 07 65 63 74 73 20 76 69 
14:49:26.040 > [VESC=>ESP (5)] 0E 72 74 75 61 6C 20 6D 
14:49:26.041 > [VESC=>ESP (5)] 15 6F 74 6F 72 
14:49:26.041 > [VESC=>ESP (7)] 45 01 00 19 50 71 
14:49:26.041 > [VESC=>ESP (5)] 00 15 64 69 73 63 6F 6E 
14:49:26.042 > [VESC=>ESP (5)] 07 6E 65 63 74 5F 76 69 
14:49:26.042 > [VESC=>ESP (5)] 0E 72 74 75 61 6C 5F 6D 
14:49:26.043 > [VESC=>ESP (5)] 15 6F 74 6F 72 
14:49:26.043 > [VESC=>ESP (7)] 45 01 00 19 CA E6 
14:49:26.044 > [VESC=>ESP (5)] 00 15 20 20 64 69 73 63 
14:49:26.044 > [VESC=>ESP (5)] 07 6F 6E 6E 65 63 74 20 
14:49:26.044 > [VESC=>ESP (5)] 0E 76 69 72 74 75 61 6C 
14:49:26.045 > [VESC=>ESP (5)] 15 20 6D 6F 74 6F 72 
14:49:26.046 > [VESC=>ESP (7)] 45 01 00 1B 06 91 
14:49:26.047 > [VESC=>ESP (5)] 00 15 66 6F 63 5F 74 6D 
14:49:26.047 > [VESC=>ESP (5)] 07 70 
14:49:26.047 > [VESC=>ESP (7)] 45 01 00 08 AC DC 
14:49:26.048 > [VESC=>ESP (5)] 00 15 20 20 46 4F 43 20 
14:49:26.048 > [VESC=>ESP (5)] 07 54 65 73 74 20 50 72 
14:49:26.049 > [VESC=>ESP (5)] 0E 69 6E 74 
14:49:26.049 > [VESC=>ESP (7)] 45 01 00 11 3A F1 
14:49:26.049 > [VESC=>ESP (5)] 00 15 66 6F 63 5F 70 6C 
14:49:26.050 > [VESC=>ESP (5)] 07 6F 74 5F 68 66 69 5F 
14:49:26.050 > [VESC=>ESP (5)] 0E 65 6E 20 5B 65 6E 5D 
14:49:26.051 > [VESC=>ESP (7)] 45 01 00 15 D7 B2 
14:49:26.051 > [VESC=>ESP (5)] 00 15 20 20 45 6E 61 62 
14:49:26.052 > [VESC=>ESP (5)] 07 6C 65 20 48 46 49 20 
14:49:26.052 > [VESC=>ESP (5)] 0E 70 6C 6F 74 74 69 6E 
14:49:26.053 > [VESC=>ESP (5)] 15 67 2E 20 30 3A 20 6F 
14:49:26.053 > [VESC=>ESP (5)] 1C 66 66 2C 20 31 3A 20 
14:49:26.054 > [VESC=>ESP (5)] 23 44 46 54 2C 20 32 3A 
14:49:26.054 > [VESC=>ESP (5)] 2A 20 52 61 77 
14:49:26.055 > [VESC=>ESP (7)] 45 01 00 2E B8 7D 
14:49:26.056 > [VESC=>ESP (5)] 00 15 69 6D 75 5F 74 79 
14:49:26.056 > [VESC=>ESP (5)] 07 70 65 5F 69 6E 74 65 
14:49:26.057 > [VESC=>ESP (5)] 0E 72 6E 61 6C 
14:49:26.057 > [VESC=>ESP (7)] 45 01 00 12 A0 B7 
14:49:26.058 > [VESC=>ESP (5)] 00 15 20 20 50 72 69 6E 
14:49:26.058 > [VESC=>ESP (5)] 07 74 20 69 6E 74 65 72 
14:49:26.059 > [VESC=>ESP (5)] 0E 6E 61 6C 20 49 4D 55 
14:49:26.059 > [VESC=>ESP (5)] 15 20 74 79 70 65 
14:49:26.059 > [VESC=>ESP (7)] 45 01 00 1A 38 4B 
14:49:26.060 > [VESC=>ESP (5)] 00 15 75 61 76 63 61 6E 
14:49:26.061 > [VESC=>ESP (5)] 07 5F 64 65 62 75 67 20 
14:49:26.061 > [VESC=>ESP (5)] 0E 5B 6C 65 76 65 6C 5D 
14:49:26.062 > [VESC=>ESP (7)] 45 01 00 15 CA 3C 
14:49:26.062 > [VESC=>ESP (5)] 00 15 20 20 45 6E 61 62 
14:49:26.063 > [VESC=>ESP (5)] 07 6C 65 20 55 41 56 43 
14:49:26.063 > [VESC=>ESP (5)] 0E 41 4E 20 64 65 62 75 
14:49:26.063 > [VESC=>ESP (5)] 15 67 20 70 72 69 6E 74 
14:49:26.064 > [VESC=>ESP (5)] 1C 73 20 30 3A 20 6F 66 
14:49:26.065 > [VESC=>ESP (5)] 23 66 20 31 3A 20 65 72 
14:49:26.066 > [VESC=>ESP (5)] 2A 72 6F 72 73 20 32 3A 
14:49:26.066 > [VESC=>ESP (5)] 31 20 70 61 72 61 6D 20 
14:49:26.066 > [VESC=>ESP (5)] 38 67 65 74 73 65 74 20 
14:49:26.068 > [VESC=>ESP (5)] 3F 33 3A 20 63 75 72 72 
14:49:26.068 > [VESC=>ESP (5)] 46 65 6E 74 20 63 61 6C 
14:49:26.068 > [VESC=>ESP (5)] 4D 63 20 34 3A 20 63 6F 
14:49:26.069 > [VESC=>ESP (5)] 54 6D 6D 73 20 73 74 75 
14:49:26.069 > [VESC=>ESP (5)] 5B 66 66 29 
14:49:26.070 > [VESC=>ESP (7)] 45 01 00 5E 1C E6 
14:49:26.070 > [VESC=>ESP (5)] 00 15 62 6D 5F 73 77 64 
14:49:26.071 > [VESC=>ESP (5)] 07 70 5F 73 63 61 6E 
14:49:26.071 > [VESC=>ESP (7)] 45 01 00 0D 8E 83 
14:49:26.072 > [VESC=>ESP (5)] 00 15 20 20 42 6C 61 63 
14:49:26.072 > [VESC=>ESP (5)] 07 6B 4D 61 67 69 63 3A 
14:49:26.073 > [VESC=>ESP (5)] 0E 20 53 63 61 6E 20 53 
14:49:26.073 > [VESC=>ESP (5)] 15 57 44 
14:49:26.073 > [VESC=>ESP (7)] 45 01 00 17 41 B7 
14:49:26.075 > [VESC=>ESP (5)] 00 15 62 6D 5F 61 74 74 
14:49:26.076 > [VESC=>ESP (5)] 07 61 63 68 20 5B 69 6E 
14:49:26.077 > [VESC=>ESP (5)] 0E 64 65 78 5D 
14:49:26.077 > [VESC=>ESP (7)] 45 01 00 12 90 CB 
14:49:26.077 > [VESC=>ESP (5)] 00 15 20 20 42 6C 61 63 
14:49:26.077 > [VESC=>ESP (5)] 07 6B 4D 61 67 69 63 3A 
14:49:26.078 > [VESC=>ESP (5)] 0E 20 41 74 74 61 63 68 
14:49:26.079 > [VESC=>ESP (5)] 15 20 74 61 72 67 65 74 
14:49:26.079 > [VESC=>ESP (7)] 45 01 00 1C AA CE 
14:49:26.080 > [VESC=>ESP (5)] 00 15 62 6D 5F 66 6C 61 
14:49:26.080 > [VESC=>ESP (5)] 07 73 68 5F 65 72 61 73 
14:49:26.080 > [VESC=>ESP (5)] 0E 65 20 5B 68 65 78 5F 
14:49:26.081 > [VESC=>ESP (5)] 15 61 64 64 72 5D 20 5B 
14:49:26.081 > [VESC=>ESP (5)] 1C 6C 65 6E 5D 
14:49:26.082 > [VESC=>ESP (7)] 45 01 00 20 D9 63 
14:49:26.082 > [VESC=>ESP (5)] 00 15 20 20 42 6C 61 63 
14:49:26.083 > [VESC=>ESP (5)] 07 6B 4D 61 67 69 63 3A 
14:49:26.083 > [VESC=>ESP (5)] 0E 20 45 72 61 73 65 20 
14:49:26.084 > [VESC=>ESP (5)] 15 66 6C 61 73 68 20 6D 
14:49:26.085 > [VESC=>ESP (5)] 1C 65 6D 6F 72 79 
14:49:26.085 > [VESC=>ESP (7)] 45 01 00 21 34 9C 
14:49:26.086 > [VESC=>ESP (5)] 00 15 62 6D 5F 74 61 72 
14:49:26.086 > [VESC=>ESP (5)] 07 67 65 74 5F 68 65 6C 
14:49:26.087 > [VESC=>ESP (5)] 0E 70 
14:49:26.087 > [VESC=>ESP (7)] 45 01 00 0F 72 23 
14:49:26.088 > [VESC=>ESP (5)] 00 15 20 20 42 6C 61 63 
14:49:26.088 > [VESC=>ESP (5)] 07 6B 4D 61 67 69 63 3A 
14:49:26.089 > [VESC=>ESP (5)] 0E 20 53 68 6F 77 20 74 
14:49:26.089 > [VESC=>ESP (5)] 15 61 72 67 65 74 20 63 
14:49:26.090 > [VESC=>ESP (5)] 1C 6F 6D 6D 61 6E 64 73 
14:49:26.090 > [VESC=>ESP (7)] 45 01 00 23 60 DF 
14:49:26.091 > [VESC=>ESP (5)] 00 15 62 6D 5F 74 61 72 
14:49:26.091 > [VESC=>ESP (5)] 07 67 65 74 5F 63 6D 64 
14:49:26.092 > [VESC=>ESP (5)] 0E 20 5B 2E 2E 2E 5D 
14:49:26.093 > [VESC=>ESP (7)] 45 01 00 14 53 60 
14:49:26.094 > [VESC=>ESP (5)] 00 15 20 20 42 6C 61 63 
14:49:26.094 > [VESC=>ESP (5)] 07 6B 4D 61 67 69 63 3A 
14:49:26.094 > [VESC=>ESP (5)] 0E 20 52 75 6E 20 63 6F 
14:49:26.096 > [VESC=>ESP (5)] 15 6D 6D 61 6E 64 20 6F 
14:49:26.096 > [VESC=>ESP (5)] 1C 6E 20 74 61 72 67 65 
14:49:26.096 > [VESC=>ESP (5)] 23 74 
14:49:26.096 > [VESC=>ESP (7)] 45 01 00 24 CF C3 
14:49:26.097 > [VESC=>ESP (5)] 00 15 62 6D 5F 72 65 73 
14:49:26.097 > [VESC=>ESP (5)] 07 65 74 
14:49:26.097 > [VESC=>ESP (7)] 45 01 00 09 3D AD 
14:49:26.098 > [VESC=>ESP (5)] 00 15 20 20 42 6C 61 63 
14:49:26.099 > [VESC=>ESP (5)] 07 6B 4D 61 67 69 63 3A 
14:49:26.100 > [VESC=>ESP (5)] 0E 20 52 65 73 65 74 20 
14:49:26.100 > [VESC=>ESP (5)] 15 74 61 72 67 65 74 
14:49:26.100 > [VESC=>ESP (7)] 45 01 00 1B EC AA 
14:49:26.101 > [VESC=>ESP (5)] 00 15 62 6D 5F 64 65 74 
14:49:26.102 > [VESC=>ESP (5)] 07 61 63 68 
14:49:26.103 > [VESC=>ESP (7)] 45 01 00 0A 27 3C 
14:49:26.103 > [VESC=>ESP (5)] 00 15 20 20 42 6C 61 63 
14:49:26.104 > [VESC=>ESP (5)] 07 6B 4D 61 67 69 63 3A 
14:49:26.104 > [VESC=>ESP (5)] 0E 20 44 65 74 61 63 68 
14:49:26.104 > [VESC=>ESP (5)] 15 20 74 61 72 67 65 74 
14:49:26.105 > [VESC=>ESP (7)] 45 01 00 1C DE 25 
14:49:26.105 > [VESC=>ESP (8)] 45 01 15 20 