15:32:21.262 > [ESP=>TCP] 02 0A 15 2D 3E 20 68 65 6C 70 20 0A 18 87 03 
15:32:21.274 > [ESP=>TCP] 02 14 15 56 61 6C 69 64 20 63 6F 6D 6D 61 6E 64 73 20 61 72 65 3A 34 79 03 
15:32:21.284 > [ESP=>TCP] 02 05 15 68 65 6C 70 BB 57 03 
15:32:21.295 > [ESP=>TCP] 02 11 15 20 20 53 68 6F 77 20 74 68 69 73 20 68 65 6C 70 A2 51 03 
15:32:21.306 > [ESP=>TCP] 02 12 15 6C 61 73 74 5F 61 64 63 5F 64 75 72 61 74 69 6F 6E 72 DF 03 
15:32:21.317 > [ESP=>TCP] 02 2D 15 20 20 54 68 65 20 74 69 6D 65 20 74 68 65 20 6C 61 74 65 73 74 20 41 44 43 20 69 6E 74 65 72 72 75 70 74 20 63 6F 6E 73 75 6D 65 64 7D D4 03 
15:32:21.328 > [ESP=>TCP] 02 03 15 6B 76 61 12 03 
15:32:21.338 > [ESP=>TCP] 02 28 15 20 20 54 68 65 20 63 61 6C 63 75 6C 61 74 65 64 20 6B 76 20 6F 66 20 74 68 65 20 6D 6F 74 6F 72 20 28 42 4C 44 43 29 9A BE 03 
15:32:21.349 > [ESP=>TCP] 02 04 15 6D 65 6D 37 0C 03 
15:32:21.360 > [ESP=>TCP] 02 14 15 20 20 53 68 6F 77 20 6D 65 6D 6F 72 79 20 75 73 61 67 65 76 72 03 
15:32:21.371 > [ESP=>TCP] 02 41 15 20 20 50 72 69 6E 74 73 20 61 6C 6C 20 73 74 6F 72 65 64 20 66 61 75 6C 74 20 63 6F 64 65 73 20 61 6E 64 20 63 6F 6E 64 69 74 69 6F 6E 73 20 77 68 65 6E 20 74 68 65 79 20 61 72 72 69 76 65 64 1D 01 03 
15:32:21.383 > [ESP=>TCP] 02 2C 15 70 61 72 61 6D 5F 64 65 74 65 63 74 20 5B 63 75 72 72 65 6E 74 5D 20 5B 6D 69 6E 5F 72 70 6D 5D 20 5B 6C 6F 77 5F 64 75 74 79 5D 22 F0 03 
15:32:21.394 > [ESP=>TCP] 02 3B 15 20 20 54 68 69 73 20 74 65 73 74 20 73 68 6F 75 6C 64 20 62 65 20 70 65 72 66 6F 72 6D 65 64 20 77 69 74 68 6F 75 74 20 6C 6F 61 64 20 6F 6E 20 74 68 65 20 6D 6F 74 6F 72 2E 60 20 03 
15:32:21.406 > [ESP=>TCP] 02 1D 15 20 20 50 72 69 6E 74 73 20 73 6F 6D 65 20 72 70 6D 2D 64 65 70 20 76 61 6C 75 65 73 6C D8 03 
15:32:21.417 > [ESP=>TCP] 02 16 15 6D 65 61 73 75 72 65 5F 72 65 73 20 5B 63 75 72 72 65 6E 74 5D E2 5D 03 
15:32:21.428 > [ESP=>TCP] 02 54 15 20 20 53 65 6E 64 20 73 68 6F 72 74 20 76 6F 6C 74 61 67 65 20 70 75 6C 73 65 73 2C 20 6D 65 61 73 75 72 65 20 74 68 65 20 63 75 72 72 65 6E 74 20 61 6E 64 20 63 61 6C 63 75 6C 61 74 65 20 74 68 65 20 6D 6F 74 6F 72 20 69 6E 64 75 63 74 61 6E 63 65 F4 51 03 
15:32:21.440 > [ESP=>TCP] 02 40 15 20 20 52 75 6E 20 74 68 65 20 6D 6F 74 6F 72 20 69 6E 20 42 4C 44 43 20 64 65 6C 61 79 20 6D 6F 64 65 20 61 6E 64 20 6D 65 61 73 75 72 65 20 74 68 65 20 66 6C 75 78 20 6C 69 6E 6B 61 67 65 09 28 03 
15:32:21.452 > [ESP=>TCP] 02 35 15 20 20 74 69 70 3A 20 6D 65 61 73 75 72 65 20 74 68 65 20 72 65 73 69 73 74 61 6E 63 65 20 77 69 74 68 20 6D 65 61 73 75 72 65 5F 72 65 73 20 66 69 72 73 74 43 08 03 
15:32:21.464 > [ESP=>TCP] 02 56 15 20 20 4D 65 61 73 75 72 65 20 74 68 65 20 6D 6F 74 6F 72 20 72 65 73 69 73 74 61 6E 63 65 20 61 6E 64 20 69 6E 64 75 63 74 61 6E 63 65 20 77 69 74 68 20 61 6E 20 69 6E 63 72 65 6D 65 6E 74 61 6C 20 61 64 61 70 74 69 76 65 20 61 6C 67 6F 72 69 74 68 6D 2E 11 B2 03 
15:32:21.478 > [ESP=>TCP] 02 51 15 6D 65 61 73 75 72 65 5F 6C 69 6E 6B 61 67 65 5F 6F 70 65 6E 6C 6F 6F 70 20 5B 63 75 72 72 65 6E 74 5D 20 5B 64 75 74 79 5D 20 5B 65 72 70 6D 5F 70 65 72 5F 73 65 63 5D 20 5B 6D 6F 74 6F 72 5F 72 65 73 5D 20 5B 6D 6F 74 6F 72 5F 69 6E 64 5D E9 D4 03 
15:32:21.491 > [ESP=>TCP] 02 3D 15 20 20 65 78 61 6D 70 6C 65 20 6D 65 61 73 75 72 65 5F 6C 69 6E 6B 61 67 65 5F 6F 70 65 6E 6C 6F 6F 70 20 35 20 30 2E 35 20 31 30 30 30 20 30 2E 30 37 36 20 30 2E 30 30 30 30 31 35 42 1B 03 
15:32:21.504 > [ESP=>TCP] 02 22 15 20 20 50 72 69 6E 74 20 73 6F 6D 65 20 46 4F 43 20 73 74 61 74 65 20 76 61 72 69 61 62 6C 65 73 2E A3 DB 03 
15:32:21.515 > [ESP=>TCP] 02 2A 15 20 20 50 72 69 6E 74 20 73 6F 6D 65 20 68 61 72 64 77 61 72 65 20 73 74 61 74 75 73 20 69 6E 66 6F 72 6D 61 74 69 6F 6E 2E C1 61 03 
15:32:21.526 > [ESP=>TCP] 02 20 15 66 6F 63 5F 6F 70 65 6E 6C 6F 6F 70 5F 64 75 74 79 20 5B 64 75 74 79 5D 20 5B 65 72 70 6D 5D 91 19 03 
15:32:21.537 > [ESP=>TCP] 02 27 15 20 20 45 6E 61 62 6C 65 20 6F 72 20 64 69 73 61 62 6C 65 20 65 78 74 65 72 6E 61 6C 20 4E 52 46 35 31 38 32 32 2E 0D 84 03 
15:32:21.549 > [ESP=>TCP] 02 35 15 72 6F 74 6F 72 5F 6C 6F 63 6B 5F 6F 70 65 6E 6C 6F 6F 70 20 5B 63 75 72 72 65 6E 74 5F 41 5D 20 5B 74 69 6D 65 5F 53 5D 20 5B 61 6E 67 6C 65 5F 44 45 47 5D B7 1F 03 
15:32:21.560 > [ESP=>TCP] 02 27 15 20 20 6F 72 20 75 6E 74 69 6C 20 74 68 65 20 68 65 61 72 74 62 65 61 74 20 70 61 63 6B 65 74 73 20 73 74 6F 70 2E 83 55 03 
15:32:21.571 > [ESP=>TCP] 02 2C 15 66 6F 63 5F 64 65 74 65 63 74 5F 61 70 70 6C 79 5F 61 6C 6C 5F 63 61 6E 20 5B 6D 61 78 5F 70 6F 77 65 72 5F 6C 6F 73 73 5F 57 5D B9 3D 03 
15:32:21.584 > [ESP=>TCP] 02 39 15 20 20 69 6E 69 74 69 61 74 65 73 20 64 65 74 65 63 74 69 6F 6E 20 69 6E 20 61 6C 6C 20 56 45 53 43 73 20 66 6F 75 6E 64 20 6F 6E 20 74 68 65 20 43 41 4E 2D 62 75 73 2E 8F 75 03 
15:32:21.596 > [ESP=>TCP] 02 36 15 20 20 52 6F 74 61 74 65 20 6D 6F 74 6F 72 20 69 6E 20 6F 70 65 6E 20 6C 6F 6F 70 20 61 6E 64 20 61 6E 61 6C 79 7A 65 20 68 61 6C 6C 20 73 65 6E 73 6F 72 73 2E A3 47 03 
15:32:21.607 > [ESP=>TCP] 02 2A 15 75 70 64 61 74 65 5F 70 69 64 5F 70 6F 73 5F 6F 66 66 73 65 74 20 5B 61 6E 67 6C 65 5F 6E 6F 77 5D 20 5B 73 74 6F 72 65 5D 50 6B 03 
15:32:21.618 > [ESP=>TCP] 02 20 15 20 20 50 72 69 6E 74 20 64 65 74 61 69 6C 65 64 20 66 69 72 6D 77 61 72 65 20 69 6E 66 6F 2E 83 AC 03 
15:32:21.629 > [ESP=>TCP] 02 17 15 64 72 76 38 33 30 31 5F 72 65 61 64 5F 72 65 67 20 5B 72 65 67 5D 42 EB 03 
15:32:21.640 > [ESP=>TCP] 02 1B 15 64 72 76 38 33 30 31 5F 73 65 74 5F 6F 63 5F 61 64 6A 20 5B 76 61 6C 75 65 5D EF 19 03 
15:32:21.652 > [ESP=>TCP] 02 24 15 20 20 50 72 69 6E 74 20 61 6C 6C 20 63 75 72 72 65 6E 74 20 44 52 56 38 33 30 31 20 66 61 75 6C 74 73 2E 1B EF 03 
15:32:21.663 > [ESP=>TCP] 02 15 15 65 6E 63 6F 64 65 72 5F 63 6C 65 61 72 5F 65 72 72 6F 72 73 0E B8 03 
15:32:21.675 > [ESP=>TCP] 02 36 15 20 20 43 6C 65 61 72 20 6D 75 6C 74 69 74 75 72 6E 20 63 6F 75 6E 74 65 72 20 6F 66 20 74 68 65 20 54 53 35 37 30 30 4E 38 35 30 31 20 65 6E 63 6F 64 65 72 2E 72 35 03 
15:32:21.687 > [ESP=>TCP] 02 08 15 66 6F 63 5F 74 6D 70 AC DC 03 
15:32:21.698 > [ESP=>TCP] 02 12 15 69 6D 75 5F 74 79 70 65 5F 69 6E 74 65 72 6E 61 6C A0 B7 03 
15:32:21.709 > [ESP=>TCP] 02 5E 15 20 20 45 6E 61 62 6C 65 20 55 41 56 43 41 4E 20 64 65 62 75 67 20 70 72 69 6E 74 73 20 30 3A 20 6F 66 66 20 31 3A 20 65 72 72 6F 72 73 20 32 3A 20 70 61 72 61 6D 20 67 65 74 73 65 74 20 33 3A 20 63 75 72 72 65 6E 74 20 63 61 6C 63 20 34 3A 20 63 6F 6D 6D 73 20 73 74 75 66 66 29 1C E6 03 
15:32:21.723 > [ESP=>TCP] 02 1C 15 20 20 42 6C 61 63 6B 4D 61 67 69 63 3A 20 41 74 74 61 63 68 20 74 61 72 67 65 74 AA CE 03 
15:32:21.734 > [ESP=>TCP] 02 23 15 20 20 42 6C 61 63 6B 4D 61 67 69 63 3A 20 53 68 6F 77 20 74 61 72 67 65 74 20 63 6F 6D 6D 61 6E 64 73 60 DF 03 
15:32:21.745 > [ESP=>TCP] 02 1B 15 20 20 42 6C 61 63 6B 4D 61 67 69 63 3A 20 52 65 73 65 74 20 74 61 72 67 65 74 EC AA 03